mode: set
github.com/Sergey-81/Fitness-tracker-module/internal/daysteps/daysteps.go:17.60,19.21 2 1
github.com/Sergey-81/Fitness-tracker-module/internal/daysteps/daysteps.go:19.21,21.3 1 1
github.com/Sergey-81/Fitness-tracker-module/internal/daysteps/daysteps.go:24.2,25.46 2 1
github.com/Sergey-81/Fitness-tracker-module/internal/daysteps/daysteps.go:25.46,27.3 1 1
github.com/Sergey-81/Fitness-tracker-module/internal/daysteps/daysteps.go:29.2,30.16 2 1
github.com/Sergey-81/Fitness-tracker-module/internal/daysteps/daysteps.go:30.16,32.3 1 1
github.com/Sergey-81/Fitness-tracker-module/internal/daysteps/daysteps.go:33.2,33.16 1 1
github.com/Sergey-81/Fitness-tracker-module/internal/daysteps/daysteps.go:33.16,35.3 1 1
github.com/Sergey-81/Fitness-tracker-module/internal/daysteps/daysteps.go:37.2,38.49 2 1
github.com/Sergey-81/Fitness-tracker-module/internal/daysteps/daysteps.go:38.49,40.3 1 1
github.com/Sergey-81/Fitness-tracker-module/internal/daysteps/daysteps.go:42.2,43.16 2 1
github.com/Sergey-81/Fitness-tracker-module/internal/daysteps/daysteps.go:43.16,45.3 1 1
github.com/Sergey-81/Fitness-tracker-module/internal/daysteps/daysteps.go:46.2,46.19 1 1
github.com/Sergey-81/Fitness-tracker-module/internal/daysteps/daysteps.go:46.19,48.3 1 1
github.com/Sergey-81/Fitness-tracker-module/internal/daysteps/daysteps.go:50.2,50.29 1 1
github.com/Sergey-81/Fitness-tracker-module/internal/daysteps/daysteps.go:53.64,55.16 2 1
github.com/Sergey-81/Fitness-tracker-module/internal/daysteps/daysteps.go:55.16,58.3 2 1
github.com/Sergey-81/Fitness-tracker-module/internal/daysteps/daysteps.go:60.2,64.16 4 1
github.com/Sergey-81/Fitness-tracker-module/internal/daysteps/daysteps.go:64.16,67.3 2 1
github.com/Sergey-81/Fitness-tracker-module/internal/daysteps/daysteps.go:69.2,74.3 1 1
